*** Starting uWSGI 2.0.11.2 (64bit) on [Tue Oct 27 20:27:08 2015] ***
compiled with version: 4.4.7 20120313 (Red Hat 4.4.7-4) on 24 October 2015 19:34:43
os: Linux-2.6.32-431.el6.x86_64 #1 SMP Fri Nov 22 03:15:09 UTC 2013
nodename: localhost.localdomain
machine: x86_64
clock source: unix
pcre jit disabled
detected number of CPU cores: 1
current working directory: /home/fious/mysite
detected binary path: /home/fious/uwsgi/uwsgi
chdir() to /home/fious/mysite/
your processes number limit is 1024
your memory page size is 4096 bytes
detected max file descriptor number: 1024
lock engine: pthread robust mutexes
thunder lock: disabled (you can enable it with --thunder-lock)
uwsgi socket 0 bound to TCP address 127.0.0.1:8001 fd 3
Python version: 3.4.2 (default, Oct 18 2015, 15:32:19)  [GCC 4.4.7 20120313 (Red Hat 4.4.7-4)]
Python main interpreter initialized at 0xc423e0
python threads support enabled
your server socket listen backlog is limited to 100 connections
your mercy for graceful operations on workers is 60 seconds
mapped 145520 bytes (142 KB) for 1 cores
*** Operational MODE: single process ***
added /home/fious/mysite/ to pythonpath.
added /home/fious/mysite/mysite/ to pythonpath.
Traceback (most recent call last):
  File "/home/fious/mysite/uwsgi_app.py", line 4, in <module>
    reload(sys)
NameError: name 'reload' is not defined
unable to load app 0 (mountpoint='') (callable not found or import error)
*** no app loaded. going in full dynamic mode ***
*** uWSGI is running in multiple interpreter mode ***
spawned uWSGI master process (pid: 2890)
spawned uWSGI worker 1 (pid: 2891, cores: 1)
*** Starting uWSGI 2.0.11.2 (64bit) on [Tue Oct 27 20:28:35 2015] ***
compiled with version: 4.4.7 20120313 (Red Hat 4.4.7-4) on 24 October 2015 19:34:43
os: Linux-2.6.32-431.el6.x86_64 #1 SMP Fri Nov 22 03:15:09 UTC 2013
nodename: localhost.localdomain
machine: x86_64
clock source: unix
pcre jit disabled
detected number of CPU cores: 1
current working directory: /home/fious/mysite
detected binary path: /home/fious/uwsgi/uwsgi
chdir() to /home/fious/mysite/
your processes number limit is 1024
your memory page size is 4096 bytes
detected max file descriptor number: 1024
lock engine: pthread robust mutexes
thunder lock: disabled (you can enable it with --thunder-lock)
probably another instance of uWSGI is running on the same address (127.0.0.1:8001).
bind(): Address already in use [core/socket.c line 769]
Tue Oct 27 20:34:01 2015 - uWSGI worker 1 screams: UAAAAAAH my master disconnected: i will kill myself !!!
*** Starting uWSGI 2.0.11.2 (64bit) on [Tue Oct 27 20:34:07 2015] ***
compiled with version: 4.4.7 20120313 (Red Hat 4.4.7-4) on 24 October 2015 19:34:43
os: Linux-2.6.32-431.el6.x86_64 #1 SMP Fri Nov 22 03:15:09 UTC 2013
nodename: localhost.localdomain
machine: x86_64
clock source: unix
pcre jit disabled
detected number of CPU cores: 1
current working directory: /home/fious/mysite
detected binary path: /home/fious/uwsgi/uwsgi
chdir() to /home/fious/mysite/
your processes number limit is 1024
your memory page size is 4096 bytes
detected max file descriptor number: 1024
lock engine: pthread robust mutexes
thunder lock: disabled (you can enable it with --thunder-lock)
uwsgi socket 0 bound to TCP address 127.0.0.1:8001 fd 3
Python version: 3.4.2 (default, Oct 18 2015, 15:32:19)  [GCC 4.4.7 20120313 (Red Hat 4.4.7-4)]
Python main interpreter initialized at 0x23583e0
python threads support enabled
your server socket listen backlog is limited to 100 connections
your mercy for graceful operations on workers is 60 seconds
mapped 145520 bytes (142 KB) for 1 cores
*** Operational MODE: single process ***
added /home/fious/mysite/ to pythonpath.
added /home/fious/mysite/mysite/ to pythonpath.
Traceback (most recent call last):
  File "/home/fious/mysite/uwsgi_app.py", line 15, in <module>
    populate()
NameError: name 'populate' is not defined
unable to load app 0 (mountpoint='') (callable not found or import error)
*** no app loaded. going in full dynamic mode ***
*** uWSGI is running in multiple interpreter mode ***
spawned uWSGI master process (pid: 2965)
spawned uWSGI worker 1 (pid: 2967, cores: 1)
Tue Oct 27 12:36:47 2015 - uWSGI worker 1 screams: UAAAAAAH my master disconnected: i will kill myself !!!
*** Starting uWSGI 2.0.11.2 (64bit) on [Tue Oct 27 20:36:49 2015] ***
compiled with version: 4.4.7 20120313 (Red Hat 4.4.7-4) on 24 October 2015 19:34:43
os: Linux-2.6.32-431.el6.x86_64 #1 SMP Fri Nov 22 03:15:09 UTC 2013
nodename: localhost.localdomain
machine: x86_64
clock source: unix
pcre jit disabled
detected number of CPU cores: 1
current working directory: /home/fious/mysite
detected binary path: /home/fious/uwsgi/uwsgi
chdir() to /home/fious/mysite/
your processes number limit is 1024
your memory page size is 4096 bytes
detected max file descriptor number: 1024
lock engine: pthread robust mutexes
thunder lock: disabled (you can enable it with --thunder-lock)
uwsgi socket 0 bound to TCP address 127.0.0.1:8001 fd 3
Python version: 3.4.2 (default, Oct 18 2015, 15:32:19)  [GCC 4.4.7 20120313 (Red Hat 4.4.7-4)]
Python main interpreter initialized at 0x24463e0
python threads support enabled
your server socket listen backlog is limited to 100 connections
your mercy for graceful operations on workers is 60 seconds
mapped 145520 bytes (142 KB) for 1 cores
*** Operational MODE: single process ***
added /home/fious/mysite/ to pythonpath.
added /home/fious/mysite/mysite/ to pythonpath.
WSGI app 0 (mountpoint='') ready in 0 seconds on interpreter 0x24463e0 pid: 2992 (default app)
*** uWSGI is running in multiple interpreter mode ***
spawned uWSGI master process (pid: 2992)
spawned uWSGI worker 1 (pid: 2994, cores: 1)
[pid: 2994|app: 0|req: 1/1] 127.0.0.1 () {36 vars in 576 bytes} [Tue Oct 27 12:38:16 2015] GET /hello/ => generated 67266 bytes in 359 msecs (HTTP/1.1 500) 2 headers in 92 bytes (1 switches on core 0)
[pid: 2994|app: 0|req: 2/2] 127.0.0.1 () {38 vars in 607 bytes} [Tue Oct 27 12:41:53 2015] GET /hello/ => generated 67467 bytes in 72 msecs (HTTP/1.1 500) 2 headers in 92 bytes (1 switches on core 0)
[pid: 2994|app: 0|req: 3/3] 127.0.0.1 () {36 vars in 580 bytes} [Tue Oct 27 12:42:00 2015] GET /contact/ => generated 627 bytes in 29 msecs (HTTP/1.1 200) 2 headers in 88 bytes (1 switches on core 0)
[pid: 2994|app: 0|req: 4/4] 127.0.0.1 () {36 vars in 576 bytes} [Tue Oct 27 12:42:07 2015] GET /hello/ => generated 67266 bytes in 70 msecs (HTTP/1.1 500) 2 headers in 92 bytes (1 switches on core 0)
[pid: 2994|app: 0|req: 5/5] 127.0.0.1 () {36 vars in 574 bytes} [Tue Oct 27 12:42:48 2015] GET /time/ => generated 62 bytes in 27 msecs (HTTP/1.1 200) 2 headers in 88 bytes (1 switches on core 0)
Tue Oct 27 12:45:05 2015 - uWSGI worker 1 screams: UAAAAAAH my master disconnected: i will kill myself !!!
*** Starting uWSGI 2.0.11.2 (64bit) on [Tue Oct 27 20:45:20 2015] ***
compiled with version: 4.4.7 20120313 (Red Hat 4.4.7-4) on 24 October 2015 19:34:43
os: Linux-2.6.32-431.el6.x86_64 #1 SMP Fri Nov 22 03:15:09 UTC 2013
nodename: localhost.localdomain
machine: x86_64
clock source: unix
pcre jit disabled
detected number of CPU cores: 1
current working directory: /home/fious/mysite
detected binary path: /home/fious/uwsgi/uwsgi
chdir() to /home/fious/mysite/
your processes number limit is 1024
your memory page size is 4096 bytes
detected max file descriptor number: 1024
lock engine: pthread robust mutexes
thunder lock: disabled (you can enable it with --thunder-lock)
uwsgi socket 0 bound to TCP address 127.0.0.1:8001 fd 3
Python version: 3.4.2 (default, Oct 18 2015, 15:32:19)  [GCC 4.4.7 20120313 (Red Hat 4.4.7-4)]
Python main interpreter initialized at 0xe053e0
python threads support enabled
your server socket listen backlog is limited to 100 connections
your mercy for graceful operations on workers is 60 seconds
mapped 145520 bytes (142 KB) for 1 cores
*** Operational MODE: single process ***
added /home/fious/mysite/ to pythonpath.
added /home/fious/mysite/mysite/ to pythonpath.
WSGI app 0 (mountpoint='') ready in 0 seconds on interpreter 0xe053e0 pid: 3034 (default app)
*** uWSGI is running in multiple interpreter mode ***
spawned uWSGI master process (pid: 3034)
spawned uWSGI worker 1 (pid: 3036, cores: 1)
[pid: 3036|app: 0|req: 1/1] 127.0.0.1 () {36 vars in 576 bytes} [Tue Oct 27 12:45:23 2015] GET /hello/ => generated 11 bytes in 36 msecs (HTTP/1.1 200) 2 headers in 88 bytes (1 switches on core 0)
...brutally killing workers...
worker 1 buried after 1 seconds
binary reloading uWSGI...
chdir() to /home/fious/mysite
closing all non-uwsgi socket fds > 2 (max_fd = 1024)...
found fd 3 mapped to socket 0 (127.0.0.1:8001)
running /home/fious/uwsgi/uwsgi
[uWSGI] getting INI configuration from uwsgi.ini
*** Starting uWSGI 2.0.11.2 (64bit) on [Tue Oct 27 13:18:26 2015] ***
compiled with version: 4.4.7 20120313 (Red Hat 4.4.7-4) on 24 October 2015 19:34:43
os: Linux-2.6.32-431.el6.x86_64 #1 SMP Fri Nov 22 03:15:09 UTC 2013
nodename: localhost.localdomain
machine: x86_64
clock source: unix
pcre jit disabled
detected number of CPU cores: 1
current working directory: /home/fious/mysite
detected binary path: /home/fious/uwsgi/uwsgi
chdir() to /home/fious/mysite/
your processes number limit is 1024
your memory page size is 4096 bytes
detected max file descriptor number: 1024
lock engine: pthread robust mutexes
thunder lock: disabled (you can enable it with --thunder-lock)
uwsgi socket 0 inherited INET address 127.0.0.1:8001 fd 3
Python version: 3.4.2 (default, Oct 18 2015, 15:32:19)  [GCC 4.4.7 20120313 (Red Hat 4.4.7-4)]
Python main interpreter initialized at 0x1eb5e20
python threads support enabled
your server socket listen backlog is limited to 100 connections
your mercy for graceful operations on workers is 60 seconds
mapped 145520 bytes (142 KB) for 1 cores
*** Operational MODE: single process ***
added /home/fious/mysite/ to pythonpath.
added /home/fious/mysite/mysite/ to pythonpath.
WSGI app 0 (mountpoint='') ready in 0 seconds on interpreter 0x1eb5e20 pid: 3034 (default app)
*** uWSGI is running in multiple interpreter mode ***
gracefully (RE)spawned uWSGI master process (pid: 3034)
spawned uWSGI worker 1 (pid: 3864, cores: 1)
*** Starting uWSGI 2.0.11.2 (64bit) on [Wed Feb 10 13:09:13 2016] ***
compiled with version: 4.4.7 20120313 (Red Hat 4.4.7-4) on 24 October 2015 19:34:43
os: Linux-2.6.32-431.el6.x86_64 #1 SMP Fri Nov 22 03:15:09 UTC 2013
nodename: localhost.localdomain
machine: x86_64
clock source: unix
pcre jit disabled
detected number of CPU cores: 1
current working directory: /home/fious/blog/myblog
detected binary path: /home/fious/uwsgi/uwsgi
chdir() to /home/fious/blog/myblog
your processes number limit is 1024
your memory page size is 4096 bytes
detected max file descriptor number: 1024
lock engine: pthread robust mutexes
thunder lock: disabled (you can enable it with --thunder-lock)
uwsgi socket 0 bound to TCP address 127.0.0.1:8001 fd 3
Python version: 3.4.2 (default, Oct 18 2015, 15:32:19)  [GCC 4.4.7 20120313 (Red Hat 4.4.7-4)]
Python main interpreter initialized at 0x1dfa420
python threads support enabled
your server socket listen backlog is limited to 100 connections
your mercy for graceful operations on workers is 60 seconds
mapped 145520 bytes (142 KB) for 1 cores
*** Operational MODE: single process ***
added /home/fious/blog/myblog/ to pythonpath.
added /home/fious/blog/myblog/myblog/ to pythonpath.
WSGI app 0 (mountpoint='') ready in 4 seconds on interpreter 0x1dfa420 pid: 3017 (default app)
*** uWSGI is running in multiple interpreter mode ***
spawned uWSGI master process (pid: 3017)
spawned uWSGI worker 1 (pid: 3019, cores: 1)
invalid request block size: 21573 (max 4096)...skip
[pid: 3019|app: 0|req: 1/1] 127.0.0.1 () {38 vars in 621 bytes} [Wed Feb 10 05:16:19 2016] GET / => generated 3023 bytes in 367 msecs (HTTP/1.1 404) 2 headers in 80 bytes (1 switches on core 0)
[pid: 3019|app: 0|req: 2/2] 127.0.0.1 () {38 vars in 613 bytes} [Wed Feb 10 05:16:20 2016] GET /favicon.ico => generated 3056 bytes in 4 msecs (HTTP/1.1 404) 2 headers in 80 bytes (1 switches on core 0)
[pid: 3019|app: 0|req: 3/3] 127.0.0.1 () {38 vars in 643 bytes} [Wed Feb 10 05:16:20 2016] GET /favicon.ico => generated 3056 bytes in 5 msecs (HTTP/1.1 404) 2 headers in 80 bytes (1 switches on core 0)
[pid: 3019|app: 0|req: 4/4] 127.0.0.1 () {40 vars in 652 bytes} [Wed Feb 10 05:22:57 2016] GET / => generated 3023 bytes in 6 msecs (HTTP/1.1 404) 2 headers in 80 bytes (1 switches on core 0)
[pid: 3019|app: 0|req: 5/5] 127.0.0.1 () {40 vars in 652 bytes} [Wed Feb 10 05:22:59 2016] GET / => generated 3023 bytes in 7 msecs (HTTP/1.1 404) 2 headers in 80 bytes (1 switches on core 0)
[pid: 3019|app: 0|req: 6/6] 127.0.0.1 () {40 vars in 652 bytes} [Wed Feb 10 05:23:00 2016] GET / => generated 3023 bytes in 5 msecs (HTTP/1.1 404) 2 headers in 80 bytes (1 switches on core 0)
invalid request block size: 21573 (max 4096)...skip
invalid request block size: 21573 (max 4096)...skip
[pid: 3019|app: 0|req: 7/7] 127.0.0.1 () {38 vars in 621 bytes} [Wed Feb 10 05:23:08 2016] GET / => generated 3023 bytes in 6 msecs (HTTP/1.1 404) 2 headers in 80 bytes (1 switches on core 0)
[pid: 3019|app: 0|req: 8/8] 127.0.0.1 () {40 vars in 652 bytes} [Wed Feb 10 05:24:35 2016] GET / => generated 3023 bytes in 6 msecs (HTTP/1.1 404) 2 headers in 80 bytes (1 switches on core 0)
[pid: 3019|app: 0|req: 9/9] 127.0.0.1 () {40 vars in 652 bytes} [Wed Feb 10 05:24:36 2016] GET / => generated 3023 bytes in 6 msecs (HTTP/1.1 404) 2 headers in 80 bytes (1 switches on core 0)
[pid: 3019|app: 0|req: 10/10] 127.0.0.1 () {40 vars in 652 bytes} [Wed Feb 10 05:24:37 2016] GET / => generated 3023 bytes in 5 msecs (HTTP/1.1 404) 2 headers in 80 bytes (1 switches on core 0)
[pid: 3019|app: 0|req: 11/11] 127.0.0.1 () {40 vars in 652 bytes} [Wed Feb 10 05:24:37 2016] GET / => generated 3023 bytes in 5 msecs (HTTP/1.1 404) 2 headers in 80 bytes (1 switches on core 0)
[pid: 3019|app: 0|req: 12/12] 127.0.0.1 () {40 vars in 652 bytes} [Wed Feb 10 05:24:38 2016] GET / => generated 3023 bytes in 5 msecs (HTTP/1.1 404) 2 headers in 80 bytes (1 switches on core 0)
[pid: 3019|app: 0|req: 13/13] 127.0.0.1 () {38 vars in 621 bytes} [Wed Feb 10 05:24:39 2016] GET / => generated 3023 bytes in 6 msecs (HTTP/1.1 404) 2 headers in 80 bytes (1 switches on core 0)
[pid: 3019|app: 0|req: 14/14] 127.0.0.1 () {38 vars in 633 bytes} [Wed Feb 10 05:25:49 2016] GET /hello/ => generated 11 bytes in 1 msecs (HTTP/1.1 200) 2 headers in 88 bytes (1 switches on core 0)
[pid: 3019|app: 0|req: 15/15] 127.0.0.1 () {38 vars in 621 bytes} [Wed Feb 10 05:25:54 2016] GET / => generated 3023 bytes in 5 msecs (HTTP/1.1 404) 2 headers in 80 bytes (1 switches on core 0)
[pid: 3019|app: 0|req: 16/16] 127.0.0.1 () {38 vars in 631 bytes} [Wed Feb 10 05:26:05 2016] GET /time/ => generated 61 bytes in 886 msecs (HTTP/1.1 200) 2 headers in 88 bytes (1 switches on core 0)
[pid: 3019|app: 0|req: 17/17] 127.0.0.1 () {38 vars in 633 bytes} [Wed Feb 10 05:51:33 2016] GET /hello/ => generated 11 bytes in 2 msecs (HTTP/1.1 200) 2 headers in 88 bytes (1 switches on core 0)
Wed Feb 10 05:54:42 2016 - uWSGI worker 1 screams: UAAAAAAH my master disconnected: i will kill myself !!!
